2025-11-14 17:26:31 [background-preinit] INFO  o.h.validator.internal.util.Version - HV000001: Hibernate Validator 8.0.3.Final
2025-11-14 17:26:31 [main] INFO  c.infosys.rsa.RideSharingApplication - Starting RideSharingApplication using Java 25 with PID 19784 (C:\Users\sande\Desktop\SEM-5\projects\RSA_Infosys\target\classes started by sande in C:\Users\sande\Desktop\SEM-5\projects\RSA_Infosys)
2025-11-14 17:26:31 [main] INFO  c.infosys.rsa.RideSharingApplication - No active profile set, falling back to 1 default profile: "default"
2025-11-14 17:26:32 [main] INFO  o.s.d.r.c.RepositoryConfigurationDelegate - Bootstrapping Spring Data JPA repositories in DEFAULT mode.
2025-11-14 17:26:33 [main] INFO  o.s.d.r.c.RepositoryConfigurationDelegate - Finished Spring Data repository scanning in 410 ms. Found 6 JPA repository interfaces.
2025-11-14 17:26:35 [main] INFO  o.s.b.w.e.tomcat.TomcatWebServer - Tomcat initialized with port 8080 (http)
2025-11-14 17:26:35 [main] INFO  o.a.coyote.http11.Http11NioProtocol - Initializing ProtocolHandler ["http-nio-8080"]
2025-11-14 17:26:35 [main] INFO  o.a.catalina.core.StandardService - Starting service [Tomcat]
2025-11-14 17:26:35 [main] INFO  o.a.catalina.core.StandardEngine - Starting Servlet engine: [Apache Tomcat/10.1.48]
2025-11-14 17:26:35 [main] INFO  o.a.c.c.C.[Tomcat].[localhost].[/] - Initializing Spring embedded WebApplicationContext
2025-11-14 17:26:35 [main] INFO  o.s.b.w.s.c.ServletWebServerApplicationContext - Root WebApplicationContext: initialization completed in 4046 ms
2025-11-14 17:26:35 [main] INFO  com.zaxxer.hikari.HikariDataSource - HikariPool-1 - Starting...
2025-11-14 17:26:36 [main] INFO  com.zaxxer.hikari.pool.HikariPool - HikariPool-1 - Added connection com.mysql.cj.jdbc.ConnectionImpl@4567fb2b
2025-11-14 17:26:36 [main] INFO  com.zaxxer.hikari.HikariDataSource - HikariPool-1 - Start completed.
2025-11-14 17:26:36 [main] INFO  o.h.jpa.internal.util.LogHelper - HHH000204: Processing PersistenceUnitInfo [name: default]
2025-11-14 17:26:36 [main] INFO  org.hibernate.Version - HHH000412: Hibernate ORM core version 6.6.33.Final
2025-11-14 17:26:36 [main] INFO  o.h.c.i.RegionFactoryInitiator - HHH000026: Second-level cache disabled
2025-11-14 17:26:37 [main] INFO  o.s.o.j.p.SpringPersistenceUnitInfo - No LoadTimeWeaver setup: ignoring JPA class transformer
2025-11-14 17:26:37 [main] WARN  org.hibernate.orm.deprecation - HHH90000025: MySQLDialect does not need to be specified explicitly using 'hibernate.dialect' (remove the property setting and it will be selected by default)
2025-11-14 17:26:37 [main] INFO  o.hibernate.orm.connections.pooling - HHH10001005: Database info:
	Database JDBC URL [Connecting through datasource 'HikariDataSource (HikariPool-1)']
	Database driver: undefined/unknown
	Database version: 8.0.43
	Autocommit mode: undefined/unknown
	Isolation level: undefined/unknown
	Minimum pool size: undefined/unknown
	Maximum pool size: undefined/unknown
2025-11-14 17:26:40 [main] INFO  o.h.e.t.j.p.i.JtaPlatformInitiator - HHH000489: No JTA platform available (set 'hibernate.transaction.jta.platform' to enable JTA platform integration)
2025-11-14 17:26:40 [main] INFO  o.s.o.j.LocalContainerEntityManagerFactoryBean - Initialized JPA EntityManagerFactory for persistence unit 'default'
2025-11-14 17:26:41 [main] INFO  o.s.d.j.r.query.QueryEnhancerFactory - Hibernate is in classpath; If applicable, HQL parser will be used.
2025-11-14 17:26:42 [main] INFO  o.s.s.c.a.a.c.InitializeAuthenticationProviderBeanManagerConfigurer$InitializeAuthenticationProviderManagerConfigurer - Global AuthenticationManager configured with AuthenticationProvider bean with name authenticationProvider
2025-11-14 17:26:42 [main] WARN  o.s.s.c.a.a.c.InitializeUserDetailsBeanManagerConfigurer$InitializeUserDetailsManagerConfigurer - Global AuthenticationManager configured with an AuthenticationProvider bean. UserDetailsService beans will not be used by Spring Security for automatically configuring username/password login. Consider removing the AuthenticationProvider bean. Alternatively, consider using the UserDetailsService in a manually instantiated DaoAuthenticationProvider. If the current configuration is intentional, to turn off this warning, increase the logging level of 'org.springframework.security.config.annotation.authentication.configuration.InitializeUserDetailsBeanManagerConfigurer' to ERROR
2025-11-14 17:26:42 [main] WARN  o.s.b.a.o.j.JpaBaseConfiguration$JpaWebConfiguration - spring.jpa.open-in-view is enabled by default. Therefore, database queries may be performed during view rendering. Explicitly configure spring.jpa.open-in-view to disable this warning
2025-11-14 17:26:43 [main] WARN  o.s.b.a.t.ThymeleafAutoConfiguration$DefaultTemplateResolverConfiguration - Cannot find template location: classpath:/templates/ (please add some templates, check your Thymeleaf configuration, or set spring.thymeleaf.check-template-location=false)
2025-11-14 17:26:44 [main] INFO  o.a.coyote.http11.Http11NioProtocol - Starting ProtocolHandler ["http-nio-8080"]
2025-11-14 17:26:44 [main] INFO  o.s.b.w.e.tomcat.TomcatWebServer - Tomcat started on port 8080 (http) with context path '/'
2025-11-14 17:26:44 [main] INFO  c.infosys.rsa.RideSharingApplication - Started RideSharingApplication in 14.586 seconds (process running for 15.652)
2025-11-14 17:26:44 [main] INFO  c.infosys.rsa.config.DataInitializer - Running DataInitializer...
2025-11-14 17:26:44 [main] INFO  c.infosys.rsa.config.DataInitializer - Roles already exist. Skipping role creation.
2025-11-14 17:26:44 [main] INFO  c.infosys.rsa.config.DataInitializer - Admin user already exists in database.
2025-11-14 17:26:44 [main] INFO  c.infosys.rsa.config.DataInitializer - DataInitializer execution completed.
2025-11-14 17:26:59 [http-nio-8080-exec-1] INFO  o.a.c.c.C.[Tomcat].[localhost].[/] - Initializing Spring DispatcherServlet 'dispatcherServlet'
2025-11-14 17:26:59 [http-nio-8080-exec-1] INFO  o.s.web.servlet.DispatcherServlet - Initializing Servlet 'dispatcherServlet'
2025-11-14 17:26:59 [http-nio-8080-exec-1] INFO  o.s.web.servlet.DispatcherServlet - Completed initialization in 1 ms
2025-11-14 17:26:59 [http-nio-8080-exec-2] INFO  c.i.rsa.controller.AuthController - Entering login() for email: sandeepkaushik.rq10@gmail.com
2025-11-14 17:26:59 [http-nio-8080-exec-2] INFO  com.infosys.rsa.service.AuthService - User attempting to log in with email: sandeepkaushik.rq10@gmail.com
2025-11-14 17:27:00 [http-nio-8080-exec-2] INFO  c.i.r.s.UserDetailsServiceImpl - Attempting to load user by email: sandeepkaushik.rq10@gmail.com
2025-11-14 17:27:00 [http-nio-8080-exec-2] INFO  c.i.r.s.UserDetailsServiceImpl - User found: sandeepkaushik.rq10@gmail.com, active=true, firstLogin=false
2025-11-14 17:27:00 [http-nio-8080-exec-2] INFO  com.infosys.rsa.service.AuthService - JWT token generated successfully for sandeepkaushik.rq10@gmail.com
2025-11-14 17:27:00 [http-nio-8080-exec-2] INFO  com.infosys.rsa.service.AuthService - User sandeepkaushik.rq10@gmail.com logged in successfully with roles: [ROLE_DRIVER]
2025-11-14 17:27:00 [http-nio-8080-exec-2] INFO  c.i.rsa.controller.AuthController - User login successful for email: sandeepkaushik.rq10@gmail.com
2025-11-14 17:27:04 [http-nio-8080-exec-8] INFO  c.i.r.s.UserDetailsServiceImpl - Attempting to load user by email: sandeepkaushik.rq10@gmail.com
2025-11-14 17:27:04 [http-nio-8080-exec-7] INFO  c.i.r.s.UserDetailsServiceImpl - Attempting to load user by email: sandeepkaushik.rq10@gmail.com
2025-11-14 17:27:04 [http-nio-8080-exec-7] INFO  c.i.r.s.UserDetailsServiceImpl - User found: sandeepkaushik.rq10@gmail.com, active=true, firstLogin=false
2025-11-14 17:27:04 [http-nio-8080-exec-8] INFO  c.i.r.s.UserDetailsServiceImpl - User found: sandeepkaushik.rq10@gmail.com, active=true, firstLogin=false
2025-11-14 17:27:04 [http-nio-8080-exec-8] INFO  c.i.r.s.UserDetailsServiceImpl - Attempting to load user by email: sandeepkaushik.rq10@gmail.com
2025-11-14 17:27:04 [http-nio-8080-exec-7] INFO  c.i.r.s.UserDetailsServiceImpl - Attempting to load user by email: sandeepkaushik.rq10@gmail.com
2025-11-14 17:27:04 [http-nio-8080-exec-7] INFO  c.i.r.s.UserDetailsServiceImpl - User found: sandeepkaushik.rq10@gmail.com, active=true, firstLogin=false
2025-11-14 17:27:04 [http-nio-8080-exec-8] INFO  c.i.r.s.UserDetailsServiceImpl - User found: sandeepkaushik.rq10@gmail.com, active=true, firstLogin=false
2025-11-14 17:27:04 [http-nio-8080-exec-7] INFO  c.i.rsa.controller.RideController - Entering getMyRides()
2025-11-14 17:27:04 [http-nio-8080-exec-8] INFO  c.i.rsa.controller.BookingController - Entering getDriverBookings()
2025-11-14 17:27:04 [http-nio-8080-exec-8] INFO  c.infosys.rsa.service.BookingService - Fetching bookings for driver ID: 6
2025-11-14 17:27:04 [http-nio-8080-exec-8] INFO  c.i.rsa.controller.BookingController - Found 4 bookings for driver ID: 6
2025-11-14 17:27:04 [http-nio-8080-exec-7] INFO  c.i.rsa.controller.RideController - Fetched 7 rides for driver ID: 6
2025-11-14 17:27:04 [http-nio-8080-exec-9] INFO  c.i.r.s.UserDetailsServiceImpl - Attempting to load user by email: sandeepkaushik.rq10@gmail.com
2025-11-14 17:27:04 [http-nio-8080-exec-10] INFO  c.i.r.s.UserDetailsServiceImpl - Attempting to load user by email: sandeepkaushik.rq10@gmail.com
2025-11-14 17:27:04 [http-nio-8080-exec-9] INFO  c.i.r.s.UserDetailsServiceImpl - User found: sandeepkaushik.rq10@gmail.com, active=true, firstLogin=false
2025-11-14 17:27:04 [http-nio-8080-exec-10] INFO  c.i.r.s.UserDetailsServiceImpl - User found: sandeepkaushik.rq10@gmail.com, active=true, firstLogin=false
2025-11-14 17:27:04 [http-nio-8080-exec-9] INFO  c.i.r.s.UserDetailsServiceImpl - Attempting to load user by email: sandeepkaushik.rq10@gmail.com
2025-11-14 17:27:04 [http-nio-8080-exec-10] INFO  c.i.r.s.UserDetailsServiceImpl - Attempting to load user by email: sandeepkaushik.rq10@gmail.com
2025-11-14 17:27:04 [http-nio-8080-exec-9] INFO  c.i.r.s.UserDetailsServiceImpl - User found: sandeepkaushik.rq10@gmail.com, active=true, firstLogin=false
2025-11-14 17:27:04 [http-nio-8080-exec-10] INFO  c.i.r.s.UserDetailsServiceImpl - User found: sandeepkaushik.rq10@gmail.com, active=true, firstLogin=false
2025-11-14 17:27:04 [http-nio-8080-exec-9] INFO  c.i.rsa.controller.BookingController - Entering getDriverBookings()
2025-11-14 17:27:04 [http-nio-8080-exec-10] INFO  c.i.rsa.controller.RideController - Entering getMyRides()
2025-11-14 17:27:04 [http-nio-8080-exec-9] INFO  c.infosys.rsa.service.BookingService - Fetching bookings for driver ID: 6
2025-11-14 17:27:04 [http-nio-8080-exec-9] INFO  c.i.rsa.controller.BookingController - Found 4 bookings for driver ID: 6
2025-11-14 17:27:04 [http-nio-8080-exec-10] INFO  c.i.rsa.controller.RideController - Fetched 7 rides for driver ID: 6
2025-11-14 18:23:05 [background-preinit] INFO  o.h.validator.internal.util.Version - HV000001: Hibernate Validator 8.0.3.Final
2025-11-14 18:23:06 [main] INFO  c.infosys.rsa.RideSharingApplication - Starting RideSharingApplication using Java 25 with PID 3320 (C:\Users\sande\Desktop\SEM-5\projects\RSA_Infosys\target\classes started by sande in C:\Users\sande\Desktop\SEM-5\projects\RSA_Infosys)
2025-11-14 18:23:06 [main] INFO  c.infosys.rsa.RideSharingApplication - No active profile set, falling back to 1 default profile: "default"
2025-11-14 18:23:07 [main] INFO  o.s.d.r.c.RepositoryConfigurationDelegate - Bootstrapping Spring Data JPA repositories in DEFAULT mode.
2025-11-14 18:23:08 [main] INFO  o.s.d.r.c.RepositoryConfigurationDelegate - Finished Spring Data repository scanning in 407 ms. Found 6 JPA repository interfaces.
2025-11-14 18:23:09 [main] INFO  o.s.b.w.e.tomcat.TomcatWebServer - Tomcat initialized with port 8080 (http)
2025-11-14 18:23:09 [main] INFO  o.a.coyote.http11.Http11NioProtocol - Initializing ProtocolHandler ["http-nio-8080"]
2025-11-14 18:23:09 [main] INFO  o.a.catalina.core.StandardService - Starting service [Tomcat]
2025-11-14 18:23:09 [main] INFO  o.a.catalina.core.StandardEngine - Starting Servlet engine: [Apache Tomcat/10.1.48]
2025-11-14 18:23:09 [main] INFO  o.a.c.c.C.[Tomcat].[localhost].[/] - Initializing Spring embedded WebApplicationContext
2025-11-14 18:23:09 [main] INFO  o.s.b.w.s.c.ServletWebServerApplicationContext - Root WebApplicationContext: initialization completed in 3368 ms
2025-11-14 18:23:09 [main] INFO  com.zaxxer.hikari.HikariDataSource - HikariPool-1 - Starting...
2025-11-14 18:23:10 [main] INFO  com.zaxxer.hikari.pool.HikariPool - HikariPool-1 - Added connection com.mysql.cj.jdbc.ConnectionImpl@1e191150
2025-11-14 18:23:10 [main] INFO  com.zaxxer.hikari.HikariDataSource - HikariPool-1 - Start completed.
2025-11-14 18:23:10 [main] INFO  o.h.jpa.internal.util.LogHelper - HHH000204: Processing PersistenceUnitInfo [name: default]
2025-11-14 18:23:10 [main] INFO  org.hibernate.Version - HHH000412: Hibernate ORM core version 6.6.33.Final
2025-11-14 18:23:10 [main] INFO  o.h.c.i.RegionFactoryInitiator - HHH000026: Second-level cache disabled
2025-11-14 18:23:11 [main] INFO  o.s.o.j.p.SpringPersistenceUnitInfo - No LoadTimeWeaver setup: ignoring JPA class transformer
2025-11-14 18:23:11 [main] WARN  org.hibernate.orm.deprecation - HHH90000025: MySQLDialect does not need to be specified explicitly using 'hibernate.dialect' (remove the property setting and it will be selected by default)
2025-11-14 18:23:11 [main] INFO  o.hibernate.orm.connections.pooling - HHH10001005: Database info:
	Database JDBC URL [Connecting through datasource 'HikariDataSource (HikariPool-1)']
	Database driver: undefined/unknown
	Database version: 8.0.43
	Autocommit mode: undefined/unknown
	Isolation level: undefined/unknown
	Minimum pool size: undefined/unknown
	Maximum pool size: undefined/unknown
2025-11-14 18:23:13 [main] INFO  o.h.e.t.j.p.i.JtaPlatformInitiator - HHH000489: No JTA platform available (set 'hibernate.transaction.jta.platform' to enable JTA platform integration)
2025-11-14 18:23:13 [main] INFO  o.s.o.j.LocalContainerEntityManagerFactoryBean - Initialized JPA EntityManagerFactory for persistence unit 'default'
2025-11-14 18:23:14 [main] INFO  o.s.d.j.r.query.QueryEnhancerFactory - Hibernate is in classpath; If applicable, HQL parser will be used.
2025-11-14 18:23:15 [main] INFO  o.s.s.c.a.a.c.InitializeAuthenticationProviderBeanManagerConfigurer$InitializeAuthenticationProviderManagerConfigurer - Global AuthenticationManager configured with AuthenticationProvider bean with name authenticationProvider
2025-11-14 18:23:15 [main] WARN  o.s.s.c.a.a.c.InitializeUserDetailsBeanManagerConfigurer$InitializeUserDetailsManagerConfigurer - Global AuthenticationManager configured with an AuthenticationProvider bean. UserDetailsService beans will not be used by Spring Security for automatically configuring username/password login. Consider removing the AuthenticationProvider bean. Alternatively, consider using the UserDetailsService in a manually instantiated DaoAuthenticationProvider. If the current configuration is intentional, to turn off this warning, increase the logging level of 'org.springframework.security.config.annotation.authentication.configuration.InitializeUserDetailsBeanManagerConfigurer' to ERROR
2025-11-14 18:23:15 [main] WARN  o.s.b.a.o.j.JpaBaseConfiguration$JpaWebConfiguration - spring.jpa.open-in-view is enabled by default. Therefore, database queries may be performed during view rendering. Explicitly configure spring.jpa.open-in-view to disable this warning
2025-11-14 18:23:16 [main] WARN  o.s.b.a.t.ThymeleafAutoConfiguration$DefaultTemplateResolverConfiguration - Cannot find template location: classpath:/templates/ (please add some templates, check your Thymeleaf configuration, or set spring.thymeleaf.check-template-location=false)
2025-11-14 18:23:17 [main] INFO  o.a.coyote.http11.Http11NioProtocol - Starting ProtocolHandler ["http-nio-8080"]
2025-11-14 18:23:17 [main] INFO  o.s.b.w.e.tomcat.TomcatWebServer - Tomcat started on port 8080 (http) with context path '/'
2025-11-14 18:23:17 [main] INFO  c.infosys.rsa.RideSharingApplication - Started RideSharingApplication in 12.421 seconds (process running for 13.174)
2025-11-14 18:23:17 [main] INFO  c.infosys.rsa.config.DataInitializer - Running DataInitializer...
2025-11-14 18:23:17 [main] INFO  c.infosys.rsa.config.DataInitializer - Roles already exist. Skipping role creation.
2025-11-14 18:23:17 [main] INFO  c.infosys.rsa.config.DataInitializer - Admin user already exists in database.
2025-11-14 18:23:17 [main] INFO  c.infosys.rsa.config.DataInitializer - DataInitializer execution completed.
2025-11-14 18:29:00 [http-nio-8080-exec-1] INFO  o.a.c.c.C.[Tomcat].[localhost].[/] - Initializing Spring DispatcherServlet 'dispatcherServlet'
2025-11-14 18:29:00 [http-nio-8080-exec-1] INFO  o.s.web.servlet.DispatcherServlet - Initializing Servlet 'dispatcherServlet'
2025-11-14 18:29:00 [http-nio-8080-exec-1] INFO  o.s.web.servlet.DispatcherServlet - Completed initialization in 2 ms
2025-11-14 18:29:00 [http-nio-8080-exec-1] INFO  c.i.rsa.controller.HomeController - Entering home() endpoint
2025-11-14 18:29:00 [http-nio-8080-exec-1] INFO  c.i.rsa.controller.HomeController - Home endpoint accessed successfully, returning system info response
