2025-11-11 19:18:30 [background-preinit] INFO  o.h.validator.internal.util.Version - HV000001: Hibernate Validator 8.0.3.Final
2025-11-11 19:18:30 [main] INFO  c.infosys.rsa.RideSharingApplication - Starting RideSharingApplication using Java 25 with PID 16872 (C:\Users\sande\Desktop\SEM-5\projects\RSA_Infosys\target\classes started by sande in C:\Users\sande\Desktop\SEM-5\projects\RSA_Infosys)
2025-11-11 19:18:30 [main] INFO  c.infosys.rsa.RideSharingApplication - No active profile set, falling back to 1 default profile: "default"
2025-11-11 19:18:31 [main] INFO  o.s.d.r.c.RepositoryConfigurationDelegate - Bootstrapping Spring Data JPA repositories in DEFAULT mode.
2025-11-11 19:18:31 [main] INFO  o.s.d.r.c.RepositoryConfigurationDelegate - Finished Spring Data repository scanning in 118 ms. Found 6 JPA repository interfaces.
2025-11-11 19:18:31 [main] INFO  o.s.b.w.e.tomcat.TomcatWebServer - Tomcat initialized with port 8080 (http)
2025-11-11 19:18:31 [main] INFO  o.a.coyote.http11.Http11NioProtocol - Initializing ProtocolHandler ["http-nio-8080"]
2025-11-11 19:18:31 [main] INFO  o.a.catalina.core.StandardService - Starting service [Tomcat]
2025-11-11 19:18:31 [main] INFO  o.a.catalina.core.StandardEngine - Starting Servlet engine: [Apache Tomcat/10.1.48]
2025-11-11 19:18:31 [main] INFO  o.a.c.c.C.[Tomcat].[localhost].[/] - Initializing Spring embedded WebApplicationContext
2025-11-11 19:18:31 [main] INFO  o.s.b.w.s.c.ServletWebServerApplicationContext - Root WebApplicationContext: initialization completed in 1140 ms
2025-11-11 19:18:31 [main] INFO  com.zaxxer.hikari.HikariDataSource - HikariPool-1 - Starting...
2025-11-11 19:18:31 [main] INFO  com.zaxxer.hikari.pool.HikariPool - HikariPool-1 - Added connection com.mysql.cj.jdbc.ConnectionImpl@26874f2c
2025-11-11 19:18:31 [main] INFO  com.zaxxer.hikari.HikariDataSource - HikariPool-1 - Start completed.
2025-11-11 19:18:31 [main] INFO  o.h.jpa.internal.util.LogHelper - HHH000204: Processing PersistenceUnitInfo [name: default]
2025-11-11 19:18:31 [main] INFO  org.hibernate.Version - HHH000412: Hibernate ORM core version 6.6.33.Final
2025-11-11 19:18:32 [main] INFO  o.h.c.i.RegionFactoryInitiator - HHH000026: Second-level cache disabled
2025-11-11 19:18:32 [main] INFO  o.s.o.j.p.SpringPersistenceUnitInfo - No LoadTimeWeaver setup: ignoring JPA class transformer
2025-11-11 19:18:32 [main] WARN  org.hibernate.orm.deprecation - HHH90000025: MySQLDialect does not need to be specified explicitly using 'hibernate.dialect' (remove the property setting and it will be selected by default)
2025-11-11 19:18:32 [main] INFO  o.hibernate.orm.connections.pooling - HHH10001005: Database info:
	Database JDBC URL [Connecting through datasource 'HikariDataSource (HikariPool-1)']
	Database driver: undefined/unknown
	Database version: 8.0.43
	Autocommit mode: undefined/unknown
	Isolation level: undefined/unknown
	Minimum pool size: undefined/unknown
	Maximum pool size: undefined/unknown
2025-11-11 19:18:33 [main] INFO  o.h.e.t.j.p.i.JtaPlatformInitiator - HHH000489: No JTA platform available (set 'hibernate.transaction.jta.platform' to enable JTA platform integration)
2025-11-11 19:18:33 [main] INFO  o.s.o.j.LocalContainerEntityManagerFactoryBean - Initialized JPA EntityManagerFactory for persistence unit 'default'
2025-11-11 19:18:33 [main] INFO  o.s.d.j.r.query.QueryEnhancerFactory - Hibernate is in classpath; If applicable, HQL parser will be used.
2025-11-11 19:18:33 [main] INFO  o.s.s.c.a.a.c.InitializeAuthenticationProviderBeanManagerConfigurer$InitializeAuthenticationProviderManagerConfigurer - Global AuthenticationManager configured with AuthenticationProvider bean with name authenticationProvider
2025-11-11 19:18:33 [main] WARN  o.s.s.c.a.a.c.InitializeUserDetailsBeanManagerConfigurer$InitializeUserDetailsManagerConfigurer - Global AuthenticationManager configured with an AuthenticationProvider bean. UserDetailsService beans will not be used by Spring Security for automatically configuring username/password login. Consider removing the AuthenticationProvider bean. Alternatively, consider using the UserDetailsService in a manually instantiated DaoAuthenticationProvider. If the current configuration is intentional, to turn off this warning, increase the logging level of 'org.springframework.security.config.annotation.authentication.configuration.InitializeUserDetailsBeanManagerConfigurer' to ERROR
2025-11-11 19:18:34 [main] WARN  o.s.b.a.o.j.JpaBaseConfiguration$JpaWebConfiguration - spring.jpa.open-in-view is enabled by default. Therefore, database queries may be performed during view rendering. Explicitly configure spring.jpa.open-in-view to disable this warning
2025-11-11 19:18:34 [main] WARN  o.s.b.a.t.ThymeleafAutoConfiguration$DefaultTemplateResolverConfiguration - Cannot find template location: classpath:/templates/ (please add some templates, check your Thymeleaf configuration, or set spring.thymeleaf.check-template-location=false)
2025-11-11 19:18:34 [main] INFO  o.a.coyote.http11.Http11NioProtocol - Starting ProtocolHandler ["http-nio-8080"]
2025-11-11 19:18:34 [main] INFO  o.s.b.w.e.tomcat.TomcatWebServer - Tomcat started on port 8080 (http) with context path '/'
2025-11-11 19:18:34 [main] INFO  c.infosys.rsa.RideSharingApplication - Started RideSharingApplication in 4.499 seconds (process running for 4.784)
2025-11-11 19:18:34 [main] INFO  c.infosys.rsa.config.DataInitializer - Running DataInitializer...
2025-11-11 19:18:34 [main] INFO  c.infosys.rsa.config.DataInitializer - Roles already exist. Skipping role creation.
2025-11-11 19:18:34 [main] INFO  c.infosys.rsa.config.DataInitializer - Admin user already exists in database.
2025-11-11 19:18:34 [main] INFO  c.infosys.rsa.config.DataInitializer - DataInitializer execution completed.
2025-11-11 19:18:41 [http-nio-8080-exec-1] INFO  o.a.c.c.C.[Tomcat].[localhost].[/] - Initializing Spring DispatcherServlet 'dispatcherServlet'
2025-11-11 19:18:41 [http-nio-8080-exec-1] INFO  o.s.web.servlet.DispatcherServlet - Initializing Servlet 'dispatcherServlet'
2025-11-11 19:18:41 [http-nio-8080-exec-1] INFO  o.s.web.servlet.DispatcherServlet - Completed initialization in 0 ms
2025-11-11 19:18:41 [http-nio-8080-exec-2] INFO  c.i.r.s.UserDetailsServiceImpl - Attempting to load user by email: sandeepkaushik.r21@gmail.com
2025-11-11 19:18:41 [http-nio-8080-exec-2] INFO  c.i.r.s.UserDetailsServiceImpl - User found: sandeepkaushik.r21@gmail.com, active=true, firstLogin=false
2025-11-11 19:18:41 [http-nio-8080-exec-2] INFO  c.i.r.s.UserDetailsServiceImpl - Attempting to load user by email: sandeepkaushik.r21@gmail.com
2025-11-11 19:18:41 [http-nio-8080-exec-2] INFO  c.i.r.s.UserDetailsServiceImpl - User found: sandeepkaushik.r21@gmail.com, active=true, firstLogin=false
2025-11-11 19:18:41 [http-nio-8080-exec-2] INFO  c.i.rsa.controller.BookingController - Entering createBooking() for rideId: 30
2025-11-11 19:18:41 [http-nio-8080-exec-2] INFO  c.infosys.rsa.service.BookingService - Attempting to create booking for passenger ID: 7 and ride ID: 30
2025-11-11 19:18:41 [http-nio-8080-exec-2] WARN  c.infosys.rsa.service.BookingService - Duplicate booking attempt detected for passenger ID: 7 and ride ID: 30
2025-11-11 19:18:41 [http-nio-8080-exec-2] ERROR c.i.r.e.GlobalExceptionHandler - Duplicate booking: You have already booked this ride.
